# JRE version: OpenJDK Runtime Environment Temurin-21.0.6+7 (21.0.6+7) (build 21.0.6+7-LTS)
# Java VM: OpenJDK 64-Bit Server VM Temurin-21.0.6+7 (21.0.6+7-LTS, mixed mode, emulated-client, sharing, tiered, compressed oops, compressed class ptrs, g1 gc, windows-amd64)
GC Precious Log:
 CardTable entry size: 512
 Card Set container configuration: InlinePtr #cards 5 size 8 Array Of Cards #cards 12 size 40 Howl #buckets 4 coarsen threshold 1843 Howl Bitmap #cards 512 size 80 coarsen threshold 460 Card regions per heap region 1 cards per card region 2048
 CPUs: 6 total, 6 available
 Memory: 8125M
 Large Page Support: Disabled
 NUMA Support: Disabled
 Compressed Oops: Enabled (32-bit)
 Heap Region Size: 1M
 Heap Min Capacity: 8M
 Heap Initial Capacity: 128M
 Heap Max Capacity: 2032M
 Pre-touch: Disabled
 Parallel Workers: 6
 Concurrent Workers: 2
 Concurrent Refinement Workers: 6
 Periodic GC: Disabled
Heap:
 garbage-first heap   total 100352K, used 83816K [0x0000000081000000, 0x0000000100000000)
  region size 1024K, 28 young (28672K), 3 survivors (3072K)
 Metaspace       used 49699K, committed 50368K, reserved 1114112K
  class space    used 6042K, committed 6336K, reserved 1048576K
GC Heap History (20 events):
Event: 259.301 GC heap before
{Heap before GC invocations=23 (full 0):
 garbage-first heap   total 75776K, used 74001K [0x0000000081000000, 0x0000000100000000)
  region size 1024K, 18 young (18432K), 1 survivors (1024K)
 Metaspace       used 49580K, committed 50368K, reserved 1114112K
  class space    used 6024K, committed 6336K, reserved 1048576K
}
Event: 259.302 GC heap after
{Heap after GC invocations=24 (full 0):
 garbage-first heap   total 76800K, used 22845K [0x0000000081000000, 0x0000000100000000)
  region size 1024K, 1 young (1024K), 1 survivors (1024K)
 Metaspace       used 49580K, committed 50368K, reserved 1114112K
  class space    used 6024K, committed 6336K, reserved 1048576K
}
Event: 259.730 GC heap before
{Heap before GC invocations=24 (full 0):
 garbage-first heap   total 83968K, used 82237K [0x0000000081000000, 0x0000000100000000)
  region size 1024K, 18 young (18432K), 1 survivors (1024K)
 Metaspace       used 49580K, committed 50368K, reserved 1114112K
  class space    used 6024K, committed 6336K, reserved 1048576K
}
Event: 259.733 GC heap after
{Heap after GC invocations=25 (full 0):
 garbage-first heap   total 87040K, used 23384K [0x0000000081000000, 0x0000000100000000)
  region size 1024K, 2 young (2048K), 2 survivors (2048K)
 Metaspace       used 49580K, committed 50368K, reserved 1114112K
  class space    used 6024K, committed 6336K, reserved 1048576K
}
Event: 259.733 GC heap before
{Heap before GC invocations=25 (full 0):
 garbage-first heap   total 87040K, used 24408K [0x0000000081000000, 0x0000000100000000)
  region size 1024K, 4 young (4096K), 2 survivors (2048K)
 Metaspace       used 49580K, committed 50368K, reserved 1114112K
  class space    used 6024K, committed 6336K, reserved 1048576K
}
Event: 259.735 GC heap after
{Heap after GC invocations=26 (full 0):
 garbage-first heap   total 87040K, used 23706K [0x0000000081000000, 0x0000000100000000)
  region size 1024K, 3 young (3072K), 3 survivors (3072K)
 Metaspace       used 49580K, committed 50368K, reserved 1114112K
  class space    used 6024K, committed 6336K, reserved 1048576K
}
Event: 332.840 GC heap before
{Heap before GC invocations=27 (full 0):
 garbage-first heap   total 88064K, used 85146K [0x0000000081000000, 0x0000000100000000)
  region size 1024K, 34 young (34816K), 3 survivors (3072K)
 Metaspace       used 49618K, committed 50368K, reserved 1114112K
  class space    used 6030K, committed 6336K, reserved 1048576K
}
Event: 332.842 GC heap after
{Heap after GC invocations=28 (full 0):
 garbage-first heap   total 91136K, used 24986K [0x0000000081000000, 0x0000000100000000)
  region size 1024K, 3 young (3072K), 3 survivors (3072K)
 Metaspace       used 49618K, committed 50368K, reserved 1114112K
  class space    used 6030K, committed 6336K, reserved 1048576K
}
Event: 369.801 GC heap before
{Heap before GC invocations=28 (full 0):
 garbage-first heap   total 117760K, used 115098K [0x0000000081000000, 0x0000000100000000)
  region size 1024K, 27 young (27648K), 3 survivors (3072K)
 Metaspace       used 49670K, committed 50368K, reserved 1114112K
  class space    used 6039K, committed 6336K, reserved 1048576K
}
Event: 369.803 GC heap after
{Heap after GC invocations=29 (full 0):
 garbage-first heap   total 119808K, used 21221K [0x0000000081000000, 0x0000000100000000)
  region size 1024K, 2 young (2048K), 2 survivors (2048K)
 Metaspace       used 49670K, committed 50368K, reserved 1114112K
  class space    used 6039K, committed 6336K, reserved 1048576K
}
Event: 369.804 GC heap before
{Heap before GC invocations=29 (full 0):
 garbage-first heap   total 119808K, used 21221K [0x0000000081000000, 0x0000000100000000)
  region size 1024K, 3 young (3072K), 2 survivors (2048K)
 Metaspace       used 49670K, committed 50368K, reserved 1114112K
  class space    used 6039K, committed 6336K, reserved 1048576K
}
Event: 369.805 GC heap after
{Heap after GC invocations=30 (full 0):
 garbage-first heap   total 119808K, used 21727K [0x0000000081000000, 0x0000000100000000)
  region size 1024K, 2 young (2048K), 2 survivors (2048K)
 Metaspace       used 49670K, committed 50368K, reserved 1114112K
  class space    used 6039K, committed 6336K, reserved 1048576K
}
Event: 389.465 GC heap before
{Heap before GC invocations=31 (full 0):
 garbage-first heap   total 97280K, used 95455K [0x0000000081000000, 0x0000000100000000)
  region size 1024K, 15 young (15360K), 2 survivors (2048K)
 Metaspace       used 49670K, committed 50368K, reserved 1114112K
  class space    used 6039K, committed 6336K, reserved 1048576K
}
Event: 389.467 GC heap after
{Heap after GC invocations=32 (full 0):
 garbage-first heap   total 100352K, used 30747K [0x0000000081000000, 0x0000000100000000)
  region size 1024K, 3 young (3072K), 3 survivors (3072K)
 Metaspace       used 49670K, committed 50368K, reserved 1114112K
  class space    used 6039K, committed 6336K, reserved 1048576K
}
Event: 407.838 GC heap before
{Heap before GC invocations=32 (full 0):
 garbage-first heap   total 101376K, used 99355K [0x0000000081000000, 0x0000000100000000)
  region size 1024K, 16 young (16384K), 3 survivors (3072K)
 Metaspace       used 49670K, committed 50368K, reserved 1114112K
  class space    used 6039K, committed 6336K, reserved 1048576K
}
Event: 407.840 GC heap after
{Heap after GC invocations=33 (full 0):
 garbage-first heap   total 104448K, used 21270K [0x0000000081000000, 0x0000000100000000)
  region size 1024K, 2 young (2048K), 2 survivors (2048K)
 Metaspace       used 49670K, committed 50368K, reserved 1114112K
  class space    used 6039K, committed 6336K, reserved 1048576K
}
Event: 422.071 GC heap before
{Heap before GC invocations=33 (full 0):
 garbage-first heap   total 104448K, used 32534K [0x0000000081000000, 0x0000000100000000)
  region size 1024K, 15 young (15360K), 2 survivors (2048K)
 Metaspace       used 49670K, committed 50368K, reserved 1114112K
  class space    used 6039K, committed 6336K, reserved 1048576K
}
Event: 422.073 GC heap after
{Heap after GC invocations=34 (full 0):
 garbage-first heap   total 104448K, used 23194K [0x0000000081000000, 0x0000000100000000)
  region size 1024K, 3 young (3072K), 3 survivors (3072K)
 Metaspace       used 49670K, committed 50368K, reserved 1114112K
  class space    used 6039K, committed 6336K, reserved 1048576K
}
Event: 482.033 GC heap before
{Heap before GC invocations=35 (full 0):
 garbage-first heap   total 96256K, used 94874K [0x0000000081000000, 0x0000000100000000)
  region size 1024K, 49 young (50176K), 3 survivors (3072K)
 Metaspace       used 49699K, committed 50368K, reserved 1114112K
  class space    used 6042K, committed 6336K, reserved 1048576K
}
Event: 482.034 GC heap after
{Heap after GC invocations=36 (full 0):
 garbage-first heap   total 100352K, used 23400K [0x0000000081000000, 0x0000000100000000)
  region size 1024K, 3 young (3072K), 3 survivors (3072K)
 Metaspace       used 49699K, committed 50368K, reserved 1114112K
  class space    used 6042K, committed 6336K, reserved 1048576K
}

